<?xml version="1.0" encoding="UTF-8"?>
<!-- Generated by org.testng.reporters.JUnitReportReporter -->
<testsuite hostname="DESKTOP-DCAS66D" failures="0" tests="1" name="seleniumConcepts.FirstSeleniumCode" time="0.022" errors="0" timestamp="2024-12-24T15:41:27 IST" skipped="0">
  <testcase classname="seleniumConcepts.FirstSeleniumCode" name="actualTest" time="0.022"/>
  <system-out/>
</testsuite> <!-- seleniumConcepts.FirstSeleniumCode -->
