<?xml version="1.0" encoding="UTF-8"?>
<!-- Generated by org.testng.reporters.JUnitReportReporter -->
<testsuite hostname="DESKTOP-DCAS66D" failures="0" tests="3" name="seleniumConcepts.LocatorsDemo" time="25.657" errors="0" timestamp="2024-12-24T21:38:12 IST" skipped="0">
  <testcase classname="seleniumConcepts.LocatorsDemo" name="incorrectLogIn" time="9.282"/>
  <system-out/>
  <testcase classname="seleniumConcepts.LocatorsDemo" name="resetPassword" time="8.118"/>
  <system-out/>
  <testcase classname="seleniumConcepts.LocatorsDemo" name="correctLogin" time="8.257"/>
  <system-out/>
</testsuite> <!-- seleniumConcepts.LocatorsDemo -->
